<?xml version="1.0" encoding="UTF-8"?>
<!-- Generated by org.testng.reporters.JUnitReportReporter -->
<testsuite hostname="LAPTOP-Y700" failures="0" tests="1" name="com.inetBanking.testCases.TC_LoginTest_001" time="2.599" errors="0" timestamp="29 May 2020 05:19:23 GMT" skipped="0">
  <testcase classname="com.inetBanking.testCases.TC_LoginTest_001" name="loginTest" time="2.599"/>
</testsuite> <!-- com.inetBanking.testCases.TC_LoginTest_001 -->
