<?xml version="1.0" encoding="UTF-8"?>
<!-- Generated by org.testng.reporters.JUnitReportReporter -->
<testsuite hostname="LAPTOP-Y700" failures="0" tests="2" name="MyMavenProjects.RESTAPITest" time="0.000" errors="0" timestamp="23 Mar 2020 04:24:32 GMT" skipped="0">
  <testcase classname="MyMavenProjects.RESTAPITest" name="postJira" time="0.000"/>
  <testcase classname="MyMavenProjects.RESTAPITest" name="deleteTwitter" time="0.000"/>
</testsuite> <!-- MyMavenProjects.RESTAPITest -->
