<?xml version="1.0" encoding="UTF-8"?>
<!-- Generated by org.testng.reporters.JUnitReportReporter -->
<testsuite hostname="LAPTOP-Y700" failures="0" tests="1" name="MyMavenProjects.AppiumTest" time="0.000" errors="0" timestamp="23 Mar 2020 04:24:32 GMT" skipped="0">
  <testcase classname="MyMavenProjects.AppiumTest" name="NativeApp" time="0.000"/>
</testsuite> <!-- MyMavenProjects.AppiumTest -->
