<?xml version="1.0" encoding="UTF-8"?>
<!-- Generated by org.testng.reporters.JUnitReportReporter -->
<testsuite hostname="LAPTOP-Y700" failures="0" tests="2" name="MyMavenProjects.SeleniumTest" time="0.006" errors="0" timestamp="23 Mar 2020 04:24:32 GMT" skipped="0">
  <testcase classname="MyMavenProjects.SeleniumTest" name="elementsUi" time="0.000"/>
  <testcase classname="MyMavenProjects.SeleniumTest" name="BrowserAutomation" time="0.006"/>
</testsuite> <!-- MyMavenProjects.SeleniumTest -->
